Removed Pin From Net: NetName=VCC Pin=TP4-1
Removed Pin From Net: NetName=GND Pin=TP5-1
Removed Pin From Net: NetName=GND Pin=U99-0
Removed Pin From Net: NetName=GND Pin=U99-0
Removed Pin From Net: NetName=GND Pin=U99-0
Removed Pin From Net: NetName=GND Pin=U99-0
Removed Pin From Net: NetName=GND Pin=U99-0
Removed Pin From Net: NetName=GND Pin=U99-0
Removed Pin From Net: NetName=GND Pin=U99-0
Removed Pin From Net: NetName=GND Pin=U99-0
Removed Pin From Net: NetName=GND Pin=U99-0
Removed Pin From Net: NetName=GND Pin=U99-0
Removed Pin From Net: NetName=GND Pin=U99-0
Removed Pin From Net: NetName=GND Pin=U99-0
Removed Pin From Net: NetName=GND Pin=U99-0
Removed Pin From Net: NetName=VCC Pin=U99-17
Removed Pin From Net: NetName=VCC Pin=U99-17
Removed Pin From Net: NetName=VCC Pin=U99-17
Removed Pin From Net: NetName=VCC Pin=U99-17
Removed Pin From Net: NetName=VCC Pin=U99-17
Removed Pin From Net: NetName=VCC Pin=U99-17
Removed Pin From Net: NetName=VCC Pin=U99-17
Removed Pin From Net: NetName=VCC Pin=U99-17
Removed Pin From Net: NetName=VCC Pin=U99-17
Removed Pin From Net: NetName=VCC Pin=U99-17
Removed Pin From Net: NetName=VCC Pin=U99-17
Removed Pin From Net: NetName=VCC Pin=U99-17
Removed Pin From Net: NetName=VCC Pin=U99-17
Removed Member From Class: ClassName=Template_PS_2Layer_SCH Member=J3
Removed Member From Class: ClassName=Template_PS_2Layer_SCH Member=J4
Removed Member From Class: ClassName=Template_PS_2Layer_SCH Member=TP3
Removed Member From Class: ClassName=Template_PS_2Layer_SCH Member=TP4
Removed Member From Class: ClassName=Template_PS_2Layer_SCH Member=TP5
Removed Member From Class: ClassName=Template_PS_2Layer_SCH Member=U90
Removed Member From Class: ClassName=Template_PS_2Layer_SCH Member=U91
Removed Member From Class: ClassName=Template_PS_2Layer_SCH Member=U92
Removed Member From Class: ClassName=Template_PS_2Layer_SCH Member=U93
Removed Member From Class: ClassName=Template_PS_2Layer_SCH Member=U99
Change Class Name : Old Net Name=Template_PS_2Layer_SCH New Net Name=QuadCape_SCH
