Removed Pin From Net: NetName=VDD_5V Pin=D1-1
Removed Pin From Net: NetName=GND Pin=D2-1
Removed Pin From Net: NetName=GND Pin=D3-2
Removed Pin From Net: NetName=GND Pin=D4-2
Removed Pin From Net: NetName=GND Pin=D5-2
Removed Pin From Net: NetName=GND Pin=D6-2
Removed Pin From Net: NetName=ESC_2 Pin=INA2-5
Removed Pin From Net: NetName=AIN2 Pin=INA2-6
Removed Pin From Net: NetName=ESC_3 Pin=INA3-5
Removed Pin From Net: NetName=AIN3 Pin=INA3-6
Removed Pin From Net: NetName=ESC_4 Pin=INA4-5
Removed Pin From Net: NetName=AIN4 Pin=INA4-6
Removed Pin From Net: NetName=OUT_LED2 Pin=P9A-24
Removed Pin From Net: NetName=OUT_LED3 Pin=P9A-26
Removed Pin From Net: NetName=AIN0 Pin=R1b-1
Removed Pin From Net: NetName=NetQ2_3 Pin=R1b-2
Removed Pin From Net: NetName=GND Pin=R2b-1
Removed Pin From Net: NetName=AIN0 Pin=R2b-2
Removed Pin From Net: NetName=NetQ1_2 Pin=R3b-1
Removed Pin From Net: NetName=BATT(+) Pin=R3b-2
Removed Pin From Net: NetName=OUT_LED1 Pin=RD3-2
Removed Pin From Net: NetName=OUT_LED2 Pin=RD4-2
Removed Pin From Net: NetName=OUT_LED3 Pin=RD5-2
Removed Pin From Net: NetName=OUT_LED4 Pin=RD6-2
Removed Pin From Net: NetName=BATT(+) Pin=TP3-1
Removed Pin From Net: NetName=ESC_1 Pin=TP4-1
Removed Pin From Net: NetName=ESC_2 Pin=TP5-1
Removed Pin From Net: NetName=ESC_3 Pin=TP6-1
Removed Pin From Net: NetName=ESC_4 Pin=TP7-1
Removed Pin From Net: NetName=GND Pin=U3-2
Removed Pin From Net: NetName=GPIO1_29 Pin=U3-3
Removed Pin From Net: NetName=GPIO2_10 Pin=U3-4
Removed Pin From Net: NetName=GPIO1_1 Pin=U3-5
Removed Pin From Net: NetName=GPIO2_8 Pin=U3-6
Removed Pin From Net: NetName=GPIO1_31 Pin=U3-7
Removed Pin From Net: NetName=TIMER4 Pin=U3-8
Removed Pin From Net: NetName=GPIO1_5 Pin=U3-9
Removed Pin From Net: NetName=GPIO2_9 Pin=U3-10
Removed Pin From Net: NetName=GPIO1_15 Pin=U3-11
Removed Pin From Net: NetName=GPIO2_12 Pin=U3-12
Removed Pin From Net: NetName=GPIO1_14 Pin=U3-13
Removed Pin From Net: NetName=GPIO2_13 Pin=U3-14
Removed Pin From Net: NetName=GPIO0_27 Pin=U3-15
Removed Pin From Net: NetName=GPIO2_13 Pin=U3-16
Removed Pin From Net: NetName=GPIO2_1 Pin=U3-17
Removed Pin From Net: NetName=GPIO2_24 Pin=U3-18
Removed Pin From Net: NetName=UART4_RXD Pin=U4-1
Removed Pin From Net: NetName=GND Pin=U4-13
Removed Pin From Net: NetName=LED Pin=U4-24
Removed Pin From Net: NetName=GPIO2_6 Pin=U4-26
Removed Pin From Net: NetName=GND Pin=u5-3
Removed Pin From Net: NetName=I2C1_SCL Pin=u5-4
Removed Pin From Net: NetName=I2C1_SDA Pin=u5-5
Removed Pin From Net: NetName=GPIO1_30 Pin=u5-6
Removed Pin From Net: NetName=GPIO1_4 Pin=u5-7
Removed Pin From Net: NetName=GPIO1_0 Pin=u5-8
Removed Pin From Net: NetName=GPIO2_22 Pin=u5-9
Removed Pin From Net: NetName=GPIO2_23 Pin=u5-10
