Removed Pin From Net: NetName=OUT_LED2 Pin=D4-2
Removed Pin From Net: NetName=OUT_LED3 Pin=D5-2
Removed Pin From Net: NetName=OUT_LED4 Pin=D6-2
Removed Pin From Net: NetName=OUT_LED5 Pin=D7-2
Removed Pin From Net: NetName=GND Pin=D9-1
Removed Pin From Net: NetName=OUT_LED1 Pin=D10-2
Removed Pin From Net: NetName=NetD11_1 Pin=D11-1
Removed Pin From Net: NetName=OUT_LED2 Pin=D11-2
Removed Pin From Net: NetName=NetD12_1 Pin=D12-1
Removed Pin From Net: NetName=OUT_LED3 Pin=D12-2
Removed Pin From Net: NetName=NetD13_1 Pin=D13-1
Removed Pin From Net: NetName=OUT_LED4 Pin=D13-2
Removed Pin From Net: NetName=VDD_5V Pin=D16-1
Removed Pin From Net: NetName=GND Pin=Q1-3
Removed Pin From Net: NetName=BATT(+) Pin=Q2-2
Removed Pin From Net: NetName=NetQ1_1 Pin=R1-2
Removed Pin From Net: NetName=NetD5_1 Pin=RD5-1
Removed Pin From Net: NetName=NetD6_1 Pin=RD6-1
Removed Pin From Net: NetName=NetD7_1 Pin=RD7-1
Removed Pin From Net: NetName=GND Pin=RD9-2
Removed Pin From Net: NetName=NetD11_1 Pin=RD10-1
Removed Pin From Net: NetName=GND Pin=RD10-2
Removed Pin From Net: NetName=NetD12_1 Pin=RD11-1
Removed Pin From Net: NetName=GND Pin=RD11-2
Removed Pin From Net: NetName=NetD13_1 Pin=RD12-1
Removed Pin From Net: NetName=GND Pin=RD12-2
Removed Pin From Net: NetName=NetR8_2 Pin=U4-1
Removed Pin From Net: NetName=GND Pin=U4-2
Removed Pin From Net: NetName=UART5_TXD Pin=U4-3
Removed Pin From Net: NetName=NetR7_2 Pin=U4-4
Removed Pin From Net: NetName=VDD_5V Pin=U4-5
Removed Pin From Net: NetName=DC_3.3V Pin=u5-1
Removed Pin From Net: NetName=GND Pin=u5-2
Removed Pin From Net: NetName=GPIO1_29 Pin=u5-3
Removed Pin From Net: NetName=GPIO2_10 Pin=u5-4
Removed Pin From Net: NetName=GPIO1_1 Pin=u5-5
Removed Pin From Net: NetName=GPIO2_8 Pin=u5-6
Removed Pin From Net: NetName=GPIO1_31 Pin=u5-7
Removed Pin From Net: NetName=TIMER4 Pin=u5-8
Removed Pin From Net: NetName=GPIO1_5 Pin=u5-9
Removed Pin From Net: NetName=GPIO2_9 Pin=u5-10
Removed Pin From Net: NetName=GPIO1_15 Pin=u5-11
Removed Pin From Net: NetName=GPIO2_12 Pin=u5-12
Removed Pin From Net: NetName=GPIO1_14 Pin=u5-13
Removed Pin From Net: NetName=GPIO2_13 Pin=u5-14
Removed Pin From Net: NetName=GPIO0_27 Pin=u5-15
Removed Pin From Net: NetName=GPIO2_13 Pin=u5-16
Removed Pin From Net: NetName=GPIO2_1 Pin=u5-17
Removed Pin From Net: NetName=GPIO2_24 Pin=u5-18
Removed Pin From Net: NetName=DC_3.3V Pin=U6-2
Removed Pin From Net: NetName=GND Pin=U6-3
Removed Pin From Net: NetName=I2C1_SCL Pin=U6-4
Removed Pin From Net: NetName=I2C1_SDA Pin=U6-5
Removed Pin From Net: NetName=GPIO1_30 Pin=U6-6
Removed Pin From Net: NetName=GPIO1_4 Pin=U6-7
Removed Pin From Net: NetName=GPIO1_0 Pin=U6-8
Removed Pin From Net: NetName=GPIO2_22 Pin=U6-9
Removed Pin From Net: NetName=GPIO2_23 Pin=U6-10
Change Component DesignItemId : Designator=D4 Old DesignItemId=150060YS75000 New DesignItemId=MMSZ4678T1G
Change Component DesignItemId : Designator=Q1 Old DesignItemId=BC817-16LT1G, ON Semiconductor New DesignItemId=TR-CSD25401Q3
Change Component DesignItemId : Designator=u5 Old DesignItemId=HEADER_2X9 New DesignItemId=IMU_10DOF
Change Component DesignItemId : Designator=U6 Old DesignItemId=IMU_10DOF New DesignItemId=HEADER_2X9
Change Component DesignItemId : Designator=U4 Old DesignItemId=OPA735AIDBVR New DesignItemId=LP395Z
Change Component Footprint: Designator=U4 Old Footprint=DBV0005A_N New Footprint=Z03A
Change Component Footprint: Designator=u5 Old Footprint=HEADER_2X9 New Footprint=IMU_10DOF
Change Component Footprint: Designator=U6 Old Footprint=IMU_10DOF New Footprint=HEADER_2X9
Change Component Footprint: Designator=Q1 Old Footprint=SOT-23 New Footprint=QFN3.3X3.3[SOP-8]
Change Component Footprint: Designator=D4 Old Footprint=WL-SMCW_YELLOW New Footprint=SOD-123
Change Component Comment : Designator=D4 Old Comment=150060YS75000 New Comment=MMSZ4678T1G
Change Component Comment : Designator=Q1 Old Comment=BC817-16LT1G New Comment=TR-CSD25401Q3
Change Component Comment : Designator=U6 Old Comment=IMU_10DOF New Comment=OV7670
Change Component Comment : Designator=U4 Old Comment=OPA735AIDBVR New Comment=LP395Z
Change Component Comment : Designator=u5 Old Comment=OV7670 New Comment=IMU_10DOF
Change Component Designator: OldDesignator=BT NewDesignator=BT1
Change Component Designator: OldDesignator=D8 NewDesignator=D9
Change Component Designator: OldDesignator=D14 NewDesignator=D15
Change Component Designator: OldDesignator=D15 NewDesignator=D16
Change Component Designator: OldDesignator=P8A NewDesignator=P1
Change Component Designator: OldDesignator=P8B NewDesignator=P2
Change Component Designator: OldDesignator=P9A NewDesignator=P3
Change Component Designator: OldDesignator=P9B NewDesignator=P4
Change Component Designator: OldDesignator=R3 NewDesignator=R5
Change Component Designator: OldDesignator=R4 NewDesignator=R3
Change Component Designator: OldDesignator=R5 NewDesignator=R4
Change Component Designator: OldDesignator=TP_batt NewDesignator=TP_batt1
Change Component Designator: OldDesignator=TP_esc2 NewDesignator=TP_esc3
Change Component Designator: OldDesignator=TP_esc3 NewDesignator=TP_esc4
Change Component Designator: OldDesignator=TP_esc4 NewDesignator=TP_esc2
Change Component Designator: OldDesignator=u5 NewDesignator=U7
Change Component Designator: OldDesignator=U7 NewDesignator=U2
Added Component: Designator=D8(WL-SMCW_YELLOW)
Added Component: Designator=D10(WL-SMCW_YELLOW)
Added Component: Designator=D11(WL-SMCW_YELLOW)
Added Component: Designator=D12(WL-SMCW_YELLOW)
Added Component: Designator=D13(WL-SMCW_YELLOW)
Added Component: Designator=D14(WL-SMCW_YELLOW)
Added Component: Designator=D17(SMC)
Added Component: Designator=RD9(0603)
Added Component: Designator=RD10(0603)
Added Component: Designator=RD11(0603)
Added Component: Designator=RD12(0603)
Added Component: Designator=U5(DBV0005A_N)
Added Pin To Net: NetName=AIN0 Pin=D4-1
Added Pin To Net: NetName=GND Pin=D4-2
Added Pin To Net: NetName=OUT_LED2 Pin=D5-2
Added Pin To Net: NetName=OUT_LED3 Pin=D6-2
Added Pin To Net: NetName=OUT_LED4 Pin=D7-2
Added Pin To Net: NetName=OUT_LED5 Pin=D8-2
Added Pin To Net: NetName=GND Pin=D10-1
Added Pin To Net: NetName=NetD11_1 Pin=D11-1
Added Pin To Net: NetName=OUT_LED1 Pin=D11-2
Added Pin To Net: NetName=NetD12_1 Pin=D12-1
Added Pin To Net: NetName=OUT_LED2 Pin=D12-2
Added Pin To Net: NetName=NetD13_1 Pin=D13-1
Added Pin To Net: NetName=OUT_LED3 Pin=D13-2
Added Pin To Net: NetName=OUT_LED4 Pin=D14-2
Added Pin To Net: NetName=VDD_5V Pin=D17-1
Added Pin To Net: NetName=NetQ1_1 Pin=Q1-2
Added Pin To Net: NetName=NetQ1_1 Pin=Q1-3
Added Pin To Net: NetName=BATT(+) Pin=Q1-5
Added Pin To Net: NetName=NetQ1_1 Pin=R5-2
Added Pin To Net: NetName=NetD5_1 Pin=RD4-1
Added Pin To Net: NetName=NetD6_1 Pin=RD5-1
Added Pin To Net: NetName=NetD7_1 Pin=RD6-1
Added Pin To Net: NetName=NetD11_1 Pin=RD9-1
Added Pin To Net: NetName=GND Pin=RD9-2
Added Pin To Net: NetName=NetD12_1 Pin=RD10-1
Added Pin To Net: NetName=GND Pin=RD10-2
Added Pin To Net: NetName=NetD13_1 Pin=RD11-1
Added Pin To Net: NetName=GND Pin=RD11-2
Added Pin To Net: NetName=GND Pin=RD12-2
Added Pin To Net: NetName=GND Pin=U4-1
Added Pin To Net: NetName=NetR8_2 Pin=U5-1
Added Pin To Net: NetName=GND Pin=U5-2
Added Pin To Net: NetName=UART5_TXD Pin=U5-3
Added Pin To Net: NetName=NetR7_2 Pin=U5-4
Added Pin To Net: NetName=VDD_5V Pin=U5-5
Added Pin To Net: NetName=DC_3.3V Pin=U6-1
Added Pin To Net: NetName=GND Pin=U6-2
Added Pin To Net: NetName=GPIO1_29 Pin=U6-3
Added Pin To Net: NetName=GPIO2_10 Pin=U6-4
Added Pin To Net: NetName=GPIO1_1 Pin=U6-5
Added Pin To Net: NetName=GPIO2_8 Pin=U6-6
Added Pin To Net: NetName=GPIO1_31 Pin=U6-7
Added Pin To Net: NetName=TIMER4 Pin=U6-8
Added Pin To Net: NetName=GPIO1_5 Pin=U6-9
Added Pin To Net: NetName=GPIO2_9 Pin=U6-10
Added Pin To Net: NetName=GPIO1_15 Pin=U6-11
Added Pin To Net: NetName=GPIO2_12 Pin=U6-12
Added Pin To Net: NetName=GPIO1_14 Pin=U6-13
Added Pin To Net: NetName=GPIO2_13 Pin=U6-14
Added Pin To Net: NetName=GPIO0_27 Pin=U6-15
Added Pin To Net: NetName=GPIO2_13 Pin=U6-16
Added Pin To Net: NetName=GPIO2_1 Pin=U6-17
Added Pin To Net: NetName=GPIO2_24 Pin=U6-18
Added Pin To Net: NetName=DC_3.3V Pin=U7-2
Added Pin To Net: NetName=GND Pin=U7-3
Added Pin To Net: NetName=I2C1_SCL Pin=U7-4
Added Pin To Net: NetName=I2C1_SDA Pin=U7-5
Added Pin To Net: NetName=GPIO1_30 Pin=U7-6
Added Pin To Net: NetName=GPIO1_4 Pin=U7-7
Added Pin To Net: NetName=GPIO1_0 Pin=U7-8
Added Pin To Net: NetName=GPIO2_22 Pin=U7-9
Added Pin To Net: NetName=GPIO2_23 Pin=U7-10
Change Net Name : Old Net Name=NetD8_1 New Net Name=NetD9_1
Change Net Name : Old Net Name=NetD14_1 New Net Name=NetD15_1
Change Net Name : Old Net Name=NetD15_1 New Net Name=NetD16_1
Change Net Name : Old Net Name=NetR5_1 New Net Name=NetR4_1
Change Net Name : Old Net Name=NetU3_4 New Net Name=NetU2_4
Added Pin To Net: NetName=NetD8_1 Pin=D8-1
Added Pin To Net: NetName=NetD8_1 Pin=RD7-1
Added Net: Name=NetD8_1
Added Pin To Net: NetName=NetD10_2 Pin=D10-2
Added Pin To Net: NetName=NetD10_2 Pin=R10-2
Added Net: Name=NetD10_2
Added Pin To Net: NetName=NetD14_1 Pin=D14-1
Added Pin To Net: NetName=NetD14_1 Pin=RD12-1
Added Net: Name=NetD14_1
Added Pin To Net: NetName=NetD17_2 Pin=D17-2
Added Pin To Net: NetName=NetD17_2 Pin=J5-1
Added Net: Name=NetD17_2
Added Pin To Net: NetName=NetQ1_4 Pin=Q1-4
Added Pin To Net: NetName=NetQ1_4 Pin=R2-1
Added Pin To Net: NetName=NetQ1_4 Pin=U4-3
Added Net: Name=NetQ1_4
Added Pin To Net: NetName=NetR1_2 Pin=R1-2
Added Pin To Net: NetName=NetR1_2 Pin=U4-2
Added Net: Name=NetR1_2
