Change Component Designator: Old Designator=D1 New Designator=D16
Change Component Designator: Old Designator=D2 New Designator=D9
Change Component Designator: Old Designator=D3 New Designator=D1
Change Component Designator: Old Designator=D3 New Designator=D2
Change Component Designator: Old Designator=D3 New Designator=D10
Change Component Designator: Old Designator=D4 New Designator=D11
Change Component Designator: Old Designator=D5 New Designator=D7
Change Component Designator: Old Designator=D5 New Designator=D12
Change Component Designator: Old Designator=D5 New Designator=D14
Change Component Designator: Old Designator=D6 New Designator=D8
Change Component Designator: Old Designator=D6 New Designator=D13
Change Component Designator: Old Designator=D6 New Designator=D15
Change Component Designator: Old Designator=INA2 New Designator=INA3
Change Component Designator: Old Designator=INA3 New Designator=INA4
Change Component Designator: Old Designator=INA4 New Designator=INA2
Change Component Designator: Old Designator=J8 New Designator=J5
Change Component Designator: Old Designator=J10 New Designator=J1
Change Component Designator: Old Designator=J11 New Designator=J2
Change Component Designator: Old Designator=J12 New Designator=J3
Change Component Designator: Old Designator=J13 New Designator=J4
Change Component Designator: Old Designator=J14 New Designator=J6
Change Component Designator: Old Designator=P8A New Designator=P3
Change Component Designator: Old Designator=P8B New Designator=P4
Change Component Designator: Old Designator=P9A New Designator=P1
Change Component Designator: Old Designator=P9B New Designator=P2
Change Component Designator: Old Designator=R1a New Designator=R7
Change Component Designator: Old Designator=R1b New Designator=R3
Change Component Designator: Old Designator=R1c New Designator=R10
Change Component Designator: Old Designator=R1d New Designator=R9
Change Component Designator: Old Designator=R2a New Designator=R8
Change Component Designator: Old Designator=R2b New Designator=R6
Change Component Designator: Old Designator=R2d New Designator=R11
Change Component Designator: Old Designator=R3a New Designator=R5
Change Component Designator: Old Designator=R3b New Designator=R2
Change Component Designator: Old Designator=R4a New Designator=R4
Change Component Designator: Old Designator=R4b New Designator=R1
Change Component Designator: Old Designator=R91 New Designator=R12
Change Component Designator: Old Designator=R92 New Designator=R13
Change Component Designator: Old Designator=R93 New Designator=R14
Change Component Designator: Old Designator=R94 New Designator=R15
Change Component Designator: Old Designator=RD3 New Designator=RD9
Change Component Designator: Old Designator=RD4 New Designator=RD10
Change Component Designator: Old Designator=RD5 New Designator=RD11
Change Component Designator: Old Designator=RD5 New Designator=RD13
Change Component Designator: Old Designator=RD6 New Designator=RD12
Change Component Designator: Old Designator=RD6 New Designator=RD14
Change Component Designator: Old Designator=RD9 New Designator=RD1
Change Component Designator: Old Designator=RD9 New Designator=RD2
Change Component Designator: Old Designator=TP3 New Designator=TP1
Change Component Designator: Old Designator=TP4 New Designator=TP2
Change Component Designator: Old Designator=TP5 New Designator=TP4
Change Component Designator: Old Designator=TP6 New Designator=TP5
Change Component Designator: Old Designator=TP7 New Designator=TP3
Change Component Designator: Old Designator=U1 New Designator=U3
Change Component Designator: Old Designator=U2 New Designator=U1
Change Component Designator: Old Designator=U3 New Designator=U5
Change Component Designator: Old Designator=U4 New Designator=U7
Change Component Designator: Old Designator=U5 New Designator=U6
Change Component Designator: Old Designator=U6 New Designator=U4
Change Component Designator: Old Designator=U7 New Designator=U2
