Removed Pin From Net: NetName=NetD8_1 Pin=D8-1
Removed Pin From Net: NetName=OUT_LED5 Pin=D8-2
Removed Pin From Net: NetName=GND Pin=D10-1
Removed Pin From Net: NetName=NetD10_2 Pin=D10-2
Removed Pin From Net: NetName=VDD_5V Pin=D17-1
Removed Pin From Net: NetName=NetD17_2 Pin=D17-2
Removed Pin From Net: NetName=NetR8_2 Pin=U5-1
Removed Pin From Net: NetName=GND Pin=U5-2
Removed Pin From Net: NetName=UART5_TXD Pin=U5-3
Removed Pin From Net: NetName=NetR7_2 Pin=U5-4
Removed Pin From Net: NetName=VDD_5V Pin=U5-5
Added Component: Designator=D8(WL-SMCW_YELLOW)
Added Component: Designator=D10(WL-SMCW_YELLOW)
Added Component: Designator=D17(SMC)
Added Component: Designator=U5(DBV0005A_N)
Added Pin To Net: NetName=NetD8_1 Pin=D8-1
Added Pin To Net: NetName=OUT_LED5 Pin=D8-2
Added Pin To Net: NetName=GND Pin=D10-1
Added Pin To Net: NetName=NetD10_2 Pin=D10-2
Added Pin To Net: NetName=VDD_5V Pin=D17-1
Added Pin To Net: NetName=NetD17_2 Pin=D17-2
Added Pin To Net: NetName=NetR8_2 Pin=U5-1
Added Pin To Net: NetName=GND Pin=U5-2
Added Pin To Net: NetName=UART5_TXD Pin=U5-3
Added Pin To Net: NetName=NetR7_2 Pin=U5-4
Added Pin To Net: NetName=VDD_5V Pin=U5-5
