Removed Pin From Net: NetName=VDD_5V Pin=D1-1
Removed Pin From Net: NetName=GND Pin=D2-1
Removed Pin From Net: NetName=GND Pin=D3-2
Removed Pin From Net: NetName=GND Pin=D4-2
Removed Pin From Net: NetName=GND Pin=D5-2
Removed Pin From Net: NetName=GND Pin=D6-2
Removed Pin From Net: NetName=ESC_2 Pin=INA2-5
Removed Pin From Net: NetName=AIN2 Pin=INA2-6
Removed Pin From Net: NetName=ESC_3 Pin=INA3-5
Removed Pin From Net: NetName=AIN3 Pin=INA3-6
Removed Pin From Net: NetName=ESC_4 Pin=INA4-5
Removed Pin From Net: NetName=AIN4 Pin=INA4-6
Removed Pin From Net: NetName=OUT_LED2 Pin=P9A-24
Removed Pin From Net: NetName=OUT_LED3 Pin=P9A-26
Removed Pin From Net: NetName=AIN0 Pin=R1b-1
Removed Pin From Net: NetName=NetQ2_3 Pin=R1b-2
Removed Pin From Net: NetName=GND Pin=R2b-1
Removed Pin From Net: NetName=AIN0 Pin=R2b-2
Removed Pin From Net: NetName=NetQ1_2 Pin=R3b-1
Removed Pin From Net: NetName=BATT(+) Pin=R3b-2
Removed Pin From Net: NetName=OUT_LED1 Pin=RD3-2
Removed Pin From Net: NetName=OUT_LED2 Pin=RD4-2
Removed Pin From Net: NetName=OUT_LED3 Pin=RD5-2
Removed Pin From Net: NetName=OUT_LED4 Pin=RD6-2
Removed Pin From Net: NetName=BATT(+) Pin=TP3-1
Removed Pin From Net: NetName=ESC_1 Pin=TP4-1
Removed Pin From Net: NetName=ESC_2 Pin=TP5-1
Removed Pin From Net: NetName=ESC_3 Pin=TP6-1
Removed Pin From Net: NetName=ESC_4 Pin=TP7-1
Removed Pin From Net: NetName=DC_3.3V Pin=U3-1
Removed Pin From Net: NetName=GND Pin=U3-2
Removed Pin From Net: NetName=GPIO1_29 Pin=U3-3
Removed Pin From Net: NetName=GPIO2_10 Pin=U3-4
Removed Pin From Net: NetName=GPIO1_1 Pin=U3-5
Removed Pin From Net: NetName=GPIO2_8 Pin=U3-6
Removed Pin From Net: NetName=GPIO1_31 Pin=U3-7
Removed Pin From Net: NetName=TIMER4 Pin=U3-8
Removed Pin From Net: NetName=GPIO1_5 Pin=U3-9
Removed Pin From Net: NetName=GPIO2_9 Pin=U3-10
Removed Pin From Net: NetName=GPIO1_15 Pin=U3-11
Removed Pin From Net: NetName=GPIO2_12 Pin=U3-12
Removed Pin From Net: NetName=GPIO1_14 Pin=U3-13
Removed Pin From Net: NetName=GPIO2_13 Pin=U3-14
Removed Pin From Net: NetName=GPIO0_27 Pin=U3-15
Removed Pin From Net: NetName=GPIO2_13 Pin=U3-16
Removed Pin From Net: NetName=GPIO2_1 Pin=U3-17
Removed Pin From Net: NetName=GPIO2_24 Pin=U3-18
Removed Pin From Net: NetName=UART4_RXD Pin=U4-1
Removed Pin From Net: NetName=UART4_TXD Pin=U4-2
Removed Pin From Net: NetName=DC_3.3V Pin=U4-12
Removed Pin From Net: NetName=GND Pin=U4-13
Removed Pin From Net: NetName=LED Pin=U4-24
Removed Pin From Net: NetName=GPIO2_6 Pin=U4-26
Removed Pin From Net: NetName=DC_3.3V Pin=u5-2
Removed Pin From Net: NetName=GND Pin=u5-3
Removed Pin From Net: NetName=I2C1_SCL Pin=u5-4
Removed Pin From Net: NetName=I2C1_SDA Pin=u5-5
Removed Pin From Net: NetName=GPIO1_30 Pin=u5-6
Removed Pin From Net: NetName=GPIO1_4 Pin=u5-7
Removed Pin From Net: NetName=GPIO1_0 Pin=u5-8
Removed Pin From Net: NetName=GPIO2_22 Pin=u5-9
Removed Pin From Net: NetName=GPIO2_23 Pin=u5-10
Change Component DesignItemId : Designator=D1 Old DesignItemId=CDBC520-G New DesignItemId=150060YS75000
Change Component DesignItemId : Designator=u5 Old DesignItemId=IMU_10DOF New DesignItemId=HEADER_2X9
Change Component Footprint: Designator=u5 Old Footprint=IMU_10DOF New Footprint=HEADER_2X9
Change Component Footprint: Designator=D1 Old Footprint=SMC New Footprint=WL-SMCW_YELLOW
Change Component Comment : Designator=D1 Old Comment=CDBC520-G New Comment=150060YS75000
Change Component Comment : Designator=u5 Old Comment=IMU_10DOF New Comment=OV7670
Change Component Designator: OldDesignator=J8 NewDesignator=J5
Change Component Designator: OldDesignator=J10 NewDesignator=J1
Change Component Designator: OldDesignator=J11 NewDesignator=J2
Change Component Designator: OldDesignator=J12 NewDesignator=J3
Change Component Designator: OldDesignator=J13 NewDesignator=J4
Change Component Designator: OldDesignator=J14 NewDesignator=J6
Change Component Designator: OldDesignator=P8A NewDesignator=P3
Change Component Designator: OldDesignator=P8B NewDesignator=P4
Change Component Designator: OldDesignator=P9A NewDesignator=P1
Change Component Designator: OldDesignator=P9B NewDesignator=P2
Change Component Designator: OldDesignator=R1a NewDesignator=R7
Change Component Designator: OldDesignator=R1c NewDesignator=R10
Change Component Designator: OldDesignator=R1d NewDesignator=R9
Change Component Designator: OldDesignator=R2a NewDesignator=R8
Change Component Designator: OldDesignator=R2d NewDesignator=R11
Change Component Designator: OldDesignator=R3a NewDesignator=R5
Change Component Designator: OldDesignator=R4a NewDesignator=R4
Change Component Designator: OldDesignator=R4b NewDesignator=R1
Change Component Designator: OldDesignator=R91 NewDesignator=R12
Change Component Designator: OldDesignator=R92 NewDesignator=R13
Change Component Designator: OldDesignator=R93 NewDesignator=R14
Change Component Designator: OldDesignator=R94 NewDesignator=R15
Change Component Designator: OldDesignator=U1 NewDesignator=U3
Change Component Designator: OldDesignator=U2 NewDesignator=U1
Change Component Designator: OldDesignator=U6 NewDesignator=U4
Change Component Designator: OldDesignator=U7 NewDesignator=U2
Added Component: Designator=D7(WL-SMCW_YELLOW)
Added Component: Designator=D8(WL-SMCW_YELLOW)
Added Component: Designator=D9(WL-SMCW_YELLOW)
Added Component: Designator=D10(WL-SMCW_YELLOW)
Added Component: Designator=D11(WL-SMCW_YELLOW)
Added Component: Designator=D12(WL-SMCW_YELLOW)
Added Component: Designator=D13(WL-SMCW_YELLOW)
Added Component: Designator=D14(WL-SMCW_YELLOW)
Added Component: Designator=D15(WL-SMCW_YELLOW)
Added Component: Designator=D16(SMC)
Added Component: Designator=R2(0402)
Added Component: Designator=R3(0402)
Added Component: Designator=R6(0402)
Added Component: Designator=RD1(0603)
Added Component: Designator=RD2(0603)
Added Component: Designator=RD7(0603)
Added Component: Designator=RD8(0603)
Added Component: Designator=RD9(0603)
Added Component: Designator=RD10(0603)
Added Component: Designator=RD11(0603)
Added Component: Designator=RD12(0603)
Added Component: Designator=RD13(0603)
Added Component: Designator=RD14(0603)
Added Component: Designator=TP1(TESTPOINT)
Added Component: Designator=TP2(TESTPOINT)
Added Component: Designator=U6(IMU_10DOF)
Added Component: Designator=U7(HC-06)
Added Pin To Net: NetName=DC_3.3V Pin=D1-2
Added Pin To Net: NetName=VDD_5V Pin=D2-2
Added Pin To Net: NetName=OUT_LED1 Pin=D3-2
Added Pin To Net: NetName=OUT_LED2 Pin=D4-2
Added Pin To Net: NetName=OUT_LED3 Pin=D5-2
Added Pin To Net: NetName=OUT_LED4 Pin=D6-2
Added Pin To Net: NetName=GND Pin=D9-1
Added Pin To Net: NetName=OUT_LED1 Pin=D10-2
Added Pin To Net: NetName=OUT_LED2 Pin=D11-2
Added Pin To Net: NetName=OUT_LED3 Pin=D12-2
Added Pin To Net: NetName=OUT_LED4 Pin=D13-2
Added Pin To Net: NetName=VDD_5V Pin=D16-1
Added Pin To Net: NetName=ESC_4 Pin=INA2-5
Added Pin To Net: NetName=AIN4 Pin=INA2-6
Added Pin To Net: NetName=ESC_2 Pin=INA3-5
Added Pin To Net: NetName=AIN2 Pin=INA3-6
Added Pin To Net: NetName=ESC_3 Pin=INA4-5
Added Pin To Net: NetName=AIN3 Pin=INA4-6
Added Pin To Net: NetName=OUT_LED2 Pin=P1-29
Added Pin To Net: NetName=OUT_LED3 Pin=P1-31
Added Pin To Net: NetName=GPIO2_9 Pin=P4-4
Added Pin To Net: NetName=GPIO2_7 Pin=P4-6
Added Pin To Net: NetName=NetQ1_2 Pin=R2-1
Added Pin To Net: NetName=BATT(+) Pin=R2-2
Added Pin To Net: NetName=AIN0 Pin=R3-1
Added Pin To Net: NetName=NetQ2_3 Pin=R3-2
Added Pin To Net: NetName=GND Pin=R6-1
Added Pin To Net: NetName=AIN0 Pin=R6-2
Added Pin To Net: NetName=GND Pin=RD1-2
Added Pin To Net: NetName=GND Pin=RD2-2
Added Pin To Net: NetName=GND Pin=RD3-2
Added Pin To Net: NetName=GND Pin=RD4-2
Added Pin To Net: NetName=GND Pin=RD5-2
Added Pin To Net: NetName=GND Pin=RD6-2
Added Pin To Net: NetName=GND Pin=RD7-2
Added Pin To Net: NetName=GND Pin=RD8-2
Added Pin To Net: NetName=GND Pin=RD9-2
Added Pin To Net: NetName=GND Pin=RD10-2
Added Pin To Net: NetName=GND Pin=RD11-2
Added Pin To Net: NetName=GND Pin=RD12-2
Added Pin To Net: NetName=GND Pin=RD13-2
Added Pin To Net: NetName=GND Pin=RD14-2
Added Pin To Net: NetName=BATT(+) Pin=TP1-1
Added Pin To Net: NetName=ESC_1 Pin=TP2-1
Added Pin To Net: NetName=ESC_4 Pin=TP3-1
Added Pin To Net: NetName=ESC_2 Pin=TP4-1
Added Pin To Net: NetName=ESC_3 Pin=TP5-1
Added Pin To Net: NetName=DC_3.3V Pin=u5-1
Added Pin To Net: NetName=GND Pin=u5-2
Added Pin To Net: NetName=GPIO1_29 Pin=u5-3
Added Pin To Net: NetName=GPIO2_10 Pin=u5-4
Added Pin To Net: NetName=GPIO1_1 Pin=u5-5
Added Pin To Net: NetName=GPIO2_8 Pin=u5-6
Added Pin To Net: NetName=GPIO1_31 Pin=u5-7
Added Pin To Net: NetName=TIMER4 Pin=u5-8
Added Pin To Net: NetName=GPIO1_5 Pin=u5-9
Added Pin To Net: NetName=GPIO2_9 Pin=u5-10
Added Pin To Net: NetName=GPIO1_15 Pin=u5-11
Added Pin To Net: NetName=GPIO2_12 Pin=u5-12
Added Pin To Net: NetName=GPIO1_14 Pin=u5-13
Added Pin To Net: NetName=GPIO2_13 Pin=u5-14
Added Pin To Net: NetName=GPIO0_27 Pin=u5-15
Added Pin To Net: NetName=GPIO2_13 Pin=u5-16
Added Pin To Net: NetName=GPIO2_1 Pin=u5-17
Added Pin To Net: NetName=GPIO2_24 Pin=u5-18
Added Pin To Net: NetName=DC_3.3V Pin=U6-2
Added Pin To Net: NetName=GND Pin=U6-3
Added Pin To Net: NetName=I2C1_SCL Pin=U6-4
Added Pin To Net: NetName=I2C1_SDA Pin=U6-5
Added Pin To Net: NetName=GPIO1_30 Pin=U6-6
Added Pin To Net: NetName=GPIO1_4 Pin=U6-7
Added Pin To Net: NetName=GPIO1_0 Pin=U6-8
Added Pin To Net: NetName=GPIO2_22 Pin=U6-9
Added Pin To Net: NetName=GPIO2_23 Pin=U6-10
Added Pin To Net: NetName=UART4_RXD Pin=U7-1
Added Pin To Net: NetName=UART4_TXD Pin=U7-2
Added Pin To Net: NetName=DC_3.3V Pin=U7-12
Added Pin To Net: NetName=GND Pin=U7-13
Added Pin To Net: NetName=LED Pin=U7-24
Added Pin To Net: NetName=GPIO2_6 Pin=U7-26
Change Net Name : Old Net Name=NetJ8_2 New Net Name=NetJ5_2
Change Net Name : Old Net Name=NetJ10_2 New Net Name=NetJ1_2
Change Net Name : Old Net Name=NetR1a_2 New Net Name=NetR7_2
Change Net Name : Old Net Name=NetR1d_2 New Net Name=NetR9_2
Change Net Name : Old Net Name=NetR2a_2 New Net Name=NetR8_2
Change Net Name : Old Net Name=NetR3a_1 New Net Name=NetR5_1
Change Net Name : Old Net Name=NetU1_4 New Net Name=NetU2_4
Added Pin To Net: NetName=NetD1_1 Pin=D1-1
Added Pin To Net: NetName=NetD1_1 Pin=RD1-1
Added Net: Name=NetD1_1
Added Pin To Net: NetName=NetD2_1 Pin=D2-1
Added Pin To Net: NetName=NetD2_1 Pin=RD2-1
Added Net: Name=NetD2_1
Added Pin To Net: NetName=NetD7_1 Pin=D7-1
Added Pin To Net: NetName=NetD7_1 Pin=RD7-1
Added Net: Name=NetD7_1
Added Pin To Net: NetName=NetD8_1 Pin=D8-1
Added Pin To Net: NetName=NetD8_1 Pin=RD8-1
Added Net: Name=NetD8_1
Added Pin To Net: NetName=NetD9_2 Pin=D9-2
Added Pin To Net: NetName=NetD9_2 Pin=R10-2
Added Net: Name=NetD9_2
Added Pin To Net: NetName=NetD10_1 Pin=D10-1
Added Pin To Net: NetName=NetD10_1 Pin=RD9-1
Added Net: Name=NetD10_1
Added Pin To Net: NetName=NetD11_1 Pin=D11-1
Added Pin To Net: NetName=NetD11_1 Pin=RD10-1
Added Net: Name=NetD11_1
Added Pin To Net: NetName=NetD12_1 Pin=D12-1
Added Pin To Net: NetName=NetD12_1 Pin=RD11-1
Added Net: Name=NetD12_1
Added Pin To Net: NetName=NetD13_1 Pin=D13-1
Added Pin To Net: NetName=NetD13_1 Pin=RD12-1
Added Net: Name=NetD13_1
Added Pin To Net: NetName=NetD14_1 Pin=D14-1
Added Pin To Net: NetName=NetD14_1 Pin=RD13-1
Added Net: Name=NetD14_1
Added Pin To Net: NetName=NetD15_1 Pin=D15-1
Added Pin To Net: NetName=NetD15_1 Pin=RD14-1
Added Net: Name=NetD15_1
Added Pin To Net: NetName=NetD16_2 Pin=D16-2
Added Pin To Net: NetName=NetD16_2 Pin=J5-1
Added Net: Name=NetD16_2
Added Pin To Net: NetName=OUT_LED5 Pin=D7-2
Added Pin To Net: NetName=OUT_LED5 Pin=D14-2
Added Pin To Net: NetName=OUT_LED5 Pin=P1-24
Added Net: Name=OUT_LED5
Added Pin To Net: NetName=OUT_LED6 Pin=D8-2
Added Pin To Net: NetName=OUT_LED6 Pin=D15-2
Added Pin To Net: NetName=OUT_LED6 Pin=P1-26
Added Net: Name=OUT_LED6
