Change Component Designator: Old Designator=BT New Designator=BT1
Change Component Designator: Old Designator=D4 New Designator=D5
Change Component Designator: Old Designator=D5 New Designator=D6
Change Component Designator: Old Designator=D6 New Designator=D7
Change Component Designator: Old Designator=D7 New Designator=D8
Change Component Designator: Old Designator=D8 New Designator=D9
Change Component Designator: Old Designator=D9 New Designator=D10
Change Component Designator: Old Designator=D10 New Designator=D11
Change Component Designator: Old Designator=D11 New Designator=D12
Change Component Designator: Old Designator=D12 New Designator=D13
Change Component Designator: Old Designator=D13 New Designator=D14
Change Component Designator: Old Designator=D14 New Designator=D15
Change Component Designator: Old Designator=D15 New Designator=D16
Change Component Designator: Old Designator=D16 New Designator=D17
Change Component Designator: Old Designator=D17 New Designator=D4
Change Component Designator: Old Designator=P8A New Designator=P1
Change Component Designator: Old Designator=P8B New Designator=P2
Change Component Designator: Old Designator=P9A New Designator=P3
Change Component Designator: Old Designator=P9B New Designator=P4
Change Component Designator: Old Designator=R3 New Designator=R5
Change Component Designator: Old Designator=R4 New Designator=R3
Change Component Designator: Old Designator=R5 New Designator=R4
Change Component Designator: Old Designator=TP_batt New Designator=TP_batt1
Change Component Designator: Old Designator=TP_esc2 New Designator=TP_esc3
Change Component Designator: Old Designator=TP_esc3 New Designator=TP_esc4
Change Component Designator: Old Designator=TP_esc4 New Designator=TP_esc2
Change Component Designator: Old Designator=U2 New Designator=U4
Change Component Designator: Old Designator=U4 New Designator=U5
Change Component Designator: Old Designator=U5 New Designator=U6
Change Component Designator: Old Designator=U6 New Designator=U7
Change Component Designator: Old Designator=U7 New Designator=U2
